[debug] [2025-04-16T12:57:06.494Z] ----------------------------------------------------------------------
[debug] [2025-04-16T12:57:06.497Z] Command:       C:\Program Files\nodejs\node.exe C:\Users\mahir\AppData\Roaming\npm\node_modules\firebase-tools\lib\bin\firebase.js init
[debug] [2025-04-16T12:57:06.497Z] CLI Version:   14.1.0
[debug] [2025-04-16T12:57:06.497Z] Platform:      win32
[debug] [2025-04-16T12:57:06.497Z] Node Version:  v22.12.0
[debug] [2025-04-16T12:57:06.498Z] Time:          Wed Apr 16 2025 15:57:06 GMT+0300 (GMT+03:00)
[debug] [2025-04-16T12:57:06.498Z] ----------------------------------------------------------------------
[debug] 
[debug] [2025-04-16T12:57:06.508Z] > command requires scopes: ["email","openid","https://www.googleapis.com/auth/cloudplatformprojects.readonly","https://www.googleapis.com/auth/firebase","https://www.googleapis.com/auth/cloud-platform"]
[debug] [2025-04-16T12:57:06.509Z] > authorizing via signed-in user (mahirtunahankuzuluhotmail.com@gmail.com)
[info] 
     ######## #### ########  ######## ########     ###     ######  ########
     ##        ##  ##     ## ##       ##     ##  ##   ##  ##       ##
     ######    ##  ########  ######   ########  #########  ######  ######
     ##        ##  ##    ##  ##       ##     ## ##     ##       ## ##
     ##       #### ##     ## ######## ########  ##     ##  ######  ########

You're about to initialize a Firebase project in this directory:

  C:\Users\mahir\OneDrive\Masaüstü\ReactNativeLearning\ReactNativeLearningExpo

[info] 
=== Project Setup
[info] 
[info] First, let's associate this project directory with a Firebase project.
[info] You can create multiple project aliases by running firebase use --add, 
[info] but for now we'll just set up a default project.
[info] 
[debug] [2025-04-16T12:57:36.355Z] Checked if tokens are valid: false, expires at: 1744465514862
[debug] [2025-04-16T12:57:36.355Z] Checked if tokens are valid: false, expires at: 1744465514862
[debug] [2025-04-16T12:57:36.356Z] > refreshing access token with scopes: []
[debug] [2025-04-16T12:57:36.358Z] >>> [apiv2][query] POST https://www.googleapis.com/oauth2/v3/token [none]
[debug] [2025-04-16T12:57:36.358Z] >>> [apiv2][body] POST https://www.googleapis.com/oauth2/v3/token [omitted]
[debug] [2025-04-16T12:57:36.752Z] <<< [apiv2][status] POST https://www.googleapis.com/oauth2/v3/token 200
[debug] [2025-04-16T12:57:36.752Z] <<< [apiv2][body] POST https://www.googleapis.com/oauth2/v3/token [omitted]
[debug] [2025-04-16T12:57:36.761Z] >>> [apiv2][query] GET https://firebase.googleapis.com/v1beta1/projects pageSize=100
[debug] [2025-04-16T12:57:37.477Z] <<< [apiv2][status] GET https://firebase.googleapis.com/v1beta1/projects 200
[debug] [2025-04-16T12:57:37.478Z] <<< [apiv2][body] GET https://firebase.googleapis.com/v1beta1/projects [omitted]
[info] i  Using project reactlearningapp-5cf88 (ReactLearningApp) 
[info] 
=== Dataconnect Setup
[debug] [2025-04-16T12:57:40.468Z] Checked if tokens are valid: true, expires at: 1744811855752
[debug] [2025-04-16T12:57:40.468Z] Checked if tokens are valid: true, expires at: 1744811855752
[debug] [2025-04-16T12:57:40.469Z] >>> [apiv2][query] GET https://cloudbilling.googleapis.com/v1/projects/reactlearningapp-5cf88/billingInfo [none]
[debug] [2025-04-16T12:57:41.480Z] <<< [apiv2][status] GET https://cloudbilling.googleapis.com/v1/projects/reactlearningapp-5cf88/billingInfo 200
[debug] [2025-04-16T12:57:41.480Z] <<< [apiv2][body] GET https://cloudbilling.googleapis.com/v1/projects/reactlearningapp-5cf88/billingInfo {"name":"projects/reactlearningapp-5cf88/billingInfo","projectId":"reactlearningapp-5cf88","billingAccountName":"","billingEnabled":false}
[info] i  dataconnect: ensuring required API sqladmin.googleapis.com is enabled... 
[debug] [2025-04-16T12:57:41.481Z] Checked if tokens are valid: true, expires at: 1744811855752
[debug] [2025-04-16T12:57:41.481Z] Checked if tokens are valid: true, expires at: 1744811855752
[debug] [2025-04-16T12:57:41.482Z] >>> [apiv2][query] GET https://serviceusage.googleapis.com/v1/projects/reactlearningapp-5cf88/services/sqladmin.googleapis.com [none]
[debug] [2025-04-16T12:57:41.482Z] >>> [apiv2][(partial)header] GET https://serviceusage.googleapis.com/v1/projects/reactlearningapp-5cf88/services/sqladmin.googleapis.com x-goog-quota-user=projects/reactlearningapp-5cf88
[debug] [2025-04-16T12:57:42.806Z] <<< [apiv2][status] GET https://serviceusage.googleapis.com/v1/projects/reactlearningapp-5cf88/services/sqladmin.googleapis.com 200
[debug] [2025-04-16T12:57:42.806Z] <<< [apiv2][body] GET https://serviceusage.googleapis.com/v1/projects/reactlearningapp-5cf88/services/sqladmin.googleapis.com [omitted]
[warn] !  dataconnect: missing required API sqladmin.googleapis.com. Enabling now... 
[debug] [2025-04-16T12:57:42.807Z] Checked if tokens are valid: true, expires at: 1744811855752
[debug] [2025-04-16T12:57:42.807Z] Checked if tokens are valid: true, expires at: 1744811855752
[debug] [2025-04-16T12:57:42.807Z] >>> [apiv2][query] POST https://serviceusage.googleapis.com/v1/projects/reactlearningapp-5cf88/services/sqladmin.googleapis.com:enable [none]
[debug] [2025-04-16T12:57:42.807Z] >>> [apiv2][(partial)header] POST https://serviceusage.googleapis.com/v1/projects/reactlearningapp-5cf88/services/sqladmin.googleapis.com:enable x-goog-quota-user=projects/reactlearningapp-5cf88
[debug] [2025-04-16T12:57:44.237Z] <<< [apiv2][status] POST https://serviceusage.googleapis.com/v1/projects/reactlearningapp-5cf88/services/sqladmin.googleapis.com:enable 200
[debug] [2025-04-16T12:57:44.237Z] <<< [apiv2][body] POST https://serviceusage.googleapis.com/v1/projects/reactlearningapp-5cf88/services/sqladmin.googleapis.com:enable [omitted]
[debug] [2025-04-16T12:57:54.238Z] Checked if tokens are valid: true, expires at: 1744811855752
[debug] [2025-04-16T12:57:54.239Z] Checked if tokens are valid: true, expires at: 1744811855752
[debug] [2025-04-16T12:57:54.239Z] >>> [apiv2][query] GET https://serviceusage.googleapis.com/v1/projects/reactlearningapp-5cf88/services/sqladmin.googleapis.com [none]
[debug] [2025-04-16T12:57:54.239Z] >>> [apiv2][(partial)header] GET https://serviceusage.googleapis.com/v1/projects/reactlearningapp-5cf88/services/sqladmin.googleapis.com x-goog-quota-user=projects/reactlearningapp-5cf88
[debug] [2025-04-16T12:57:55.427Z] <<< [apiv2][status] GET https://serviceusage.googleapis.com/v1/projects/reactlearningapp-5cf88/services/sqladmin.googleapis.com 200
[debug] [2025-04-16T12:57:55.427Z] <<< [apiv2][body] GET https://serviceusage.googleapis.com/v1/projects/reactlearningapp-5cf88/services/sqladmin.googleapis.com [omitted]
[info] +  dataconnect: required API sqladmin.googleapis.com is enabled 
[info] +  Wrote dataconnect\dataconnect.yaml 
[info] +  Wrote dataconnect\schema\schema.gql 
[info] +  Wrote dataconnect\connector\connector.yaml 
[info] +  Wrote dataconnect\connector\queries.gql 
[info] +  Wrote dataconnect\connector\mutations.gql 
[info] +  Detected WEB app in directory C:\Users\mahir\OneDrive\Masaüstü\ReactNativeLearning\ReactNativeLearningExpo 
[info] i  Detected react app. Enabling react generated SDKs. 
[info] i  Writing your new SDK configuration to C:\Users\mahir\OneDrive\Masaüstü\ReactNativeLearning\ReactNativeLearningExpo\dataconnect\connector/connector.yaml 
[info] +  Wrote dataconnect\connector\connector.yaml 
[info] i  dataconnect: downloading dataconnect-emulator-2.1.0.exe... {"metadata":{"emulator":{"name":"dataconnect"},"message":"downloading dataconnect-emulator-2.1.0.exe..."}}
[debug] [2025-04-16T12:58:23.896Z] >>> [apiv2][query] GET https://storage.googleapis.com/firemat-preview-drop/emulator/dataconnect-emulator-windows-v2.1.0 
[debug] [2025-04-16T12:58:24.374Z] <<< [apiv2][status] GET https://storage.googleapis.com/firemat-preview-drop/emulator/dataconnect-emulator-windows-v2.1.0 200
[debug] [2025-04-16T12:58:24.374Z] <<< [apiv2][body] GET https://storage.googleapis.com/firemat-preview-drop/emulator/dataconnect-emulator-windows-v2.1.0 [stream]
[debug] [2025-04-16T12:58:39.305Z] defaultcredentials: writing to file C:\Users\mahir\AppData\Roaming\firebase\mahirtunahankuzuluhotmail_com_gmail.com_application_default_credentials.json
[debug] [2025-04-16T12:58:39.307Z] Setting GAC to C:\Users\mahir\AppData\Roaming\firebase\mahirtunahankuzuluhotmail_com_gmail.com_application_default_credentials.json {"metadata":{"emulator":{"name":"dataconnect"},"message":"Setting GAC to C:\\Users\\mahir\\AppData\\Roaming\\firebase\\mahirtunahankuzuluhotmail_com_gmail.com_application_default_credentials.json"}}
[info] I0416 15:58:39.609478   14520 codegen.go:82] [connector "default" javascriptSdk] Generating sources into "C:\\Users\\mahir\\OneDrive\\Masaüstü\\ReactNativeLearning\\ReactNativeLearningExpo\\dataconnect-generated\\js\\default-connector"
I0416 15:58:39.705531   14520 generate.go:40] Generated all sources. Writing them to disk...
I0416 15:58:39.719712   14520 collector.go:107] connector "default" javascriptSdk wrote into "C:\\Users\\mahir\\OneDrive\\Masaüstü\\ReactNativeLearning\\ReactNativeLearningExpo\\dataconnect-generated\\js\\default-connector"
Generated sources: index.d.ts [246B] esm\index.esm.js [126B] esm\package.json [17B] react\index.cjs.js [0B] react\esm\index.esm.js [0B] angular\esm\package.json [17B] angular\esm\index.esm.js [0B] index.cjs.js [161B] README.md [2774B] react\index.d.ts [228B] react\esm\package.json [17B] package.json [1110B] react\package.json [468B] react\README.md [5417B] angular\index.d.ts [0B] angular\package.json [661B] angular\index.cjs.js [1B] 
I0416 15:58:39.756620   14520 installsdk.go:80] Running command: C:\Program Files\nodejs\npm.cmd install file:dataconnect-generated\js\default-connector

[info] i  Generated SDK code for default 
[info] i  Visit https://firebase.google.com/docs/data-connect/web-sdk#react for more information on how to set up React Generated SDKs for Firebase Data Connect 
[info] i  Run `npm i --save @angular/fire @tanstack-query-firebase/angular @tanstack/angular-query-experimental` to install angular sdk dependencies.
Visit https://github.com/invertase/tanstack-query-firebase/tree/main/packages/angular for more information on how to set up Angular Generated SDKs for Firebase Data Connect 
[info] +  If you'd like to add more generated SDKs to your app your later, run firebase init dataconnect:sdk again 
[info] i  If you'd like to provision a CloudSQL Postgres instance on the Firebase Data Connect no-cost trial:
1. Please upgrade to the pay-as-you-go (Blaze) billing plan. Visit the following page:
     https://console.firebase.google.com/project/reactlearningapp-5cf88/usage/details
2. Run firebase init dataconnect again to configure the Cloud SQL instance.
3. Run firebase deploy --only dataconnect to deploy your Data Connect service. 
[info] 
=== Firestore Setup
[debug] [2025-04-16T12:59:04.897Z] Checked if tokens are valid: true, expires at: 1744811855752
[debug] [2025-04-16T12:59:04.897Z] Checked if tokens are valid: true, expires at: 1744811855752
[debug] [2025-04-16T12:59:04.897Z] >>> [apiv2][query] GET https://serviceusage.googleapis.com/v1/projects/reactlearningapp-5cf88/services/firestore.googleapis.com [none]
[debug] [2025-04-16T12:59:04.897Z] >>> [apiv2][(partial)header] GET https://serviceusage.googleapis.com/v1/projects/reactlearningapp-5cf88/services/firestore.googleapis.com x-goog-quota-user=projects/reactlearningapp-5cf88
[debug] [2025-04-16T12:59:06.131Z] <<< [apiv2][status] GET https://serviceusage.googleapis.com/v1/projects/reactlearningapp-5cf88/services/firestore.googleapis.com 200
[debug] [2025-04-16T12:59:06.131Z] <<< [apiv2][body] GET https://serviceusage.googleapis.com/v1/projects/reactlearningapp-5cf88/services/firestore.googleapis.com [omitted]
[debug] [2025-04-16T12:59:06.131Z] Checked if tokens are valid: true, expires at: 1744811855752
[debug] [2025-04-16T12:59:06.131Z] Checked if tokens are valid: true, expires at: 1744811855752
[debug] [2025-04-16T12:59:06.131Z] >>> [apiv2][query] GET https://firestore.googleapis.com/v1/projects/reactlearningapp-5cf88/databases/(default) [none]
[debug] [2025-04-16T12:59:07.440Z] <<< [apiv2][status] GET https://firestore.googleapis.com/v1/projects/reactlearningapp-5cf88/databases/(default) 200
[debug] [2025-04-16T12:59:07.441Z] <<< [apiv2][body] GET https://firestore.googleapis.com/v1/projects/reactlearningapp-5cf88/databases/(default) {"name":"projects/reactlearningapp-5cf88/databases/(default)","uid":"a6f2f5fd-f507-4adf-b58c-5f7f135c0cff","createTime":"2025-04-16T12:30:24.486051Z","updateTime":"2025-04-16T12:30:24.486051Z","locationId":"nam5","type":"FIRESTORE_NATIVE","concurrencyMode":"PESSIMISTIC","versionRetentionPeriod":"3600s","earliestVersionTime":"2025-04-16T12:30:24.486051Z","appEngineIntegrationMode":"DISABLED","keyPrefix":"s","pointInTimeRecoveryEnablement":"POINT_IN_TIME_RECOVERY_DISABLED","deleteProtectionState":"DELETE_PROTECTION_DISABLED","databaseEdition":"STANDARD","freeTier":true,"etag":"IKnog87N3IwDMK3d4NnH3IwD"}
[debug] [2025-04-16T12:59:07.441Z] database_type: FIRESTORE_NATIVE
[debug] [2025-04-16T12:59:07.441Z] database_type: FIRESTORE_NATIVE
[debug] [2025-04-16T12:59:07.441Z] > command requires scopes: ["email","openid","https://www.googleapis.com/auth/cloudplatformprojects.readonly","https://www.googleapis.com/auth/firebase","https://www.googleapis.com/auth/cloud-platform"]
[debug] [2025-04-16T12:59:07.441Z] > authorizing via signed-in user (mahirtunahankuzuluhotmail.com@gmail.com)
[debug] [2025-04-16T12:59:07.441Z] [iam] checking project reactlearningapp-5cf88 for permissions ["firebase.projects.get"]
[debug] [2025-04-16T12:59:07.442Z] Checked if tokens are valid: true, expires at: 1744811855752
[debug] [2025-04-16T12:59:07.442Z] Checked if tokens are valid: true, expires at: 1744811855752
[debug] [2025-04-16T12:59:07.442Z] >>> [apiv2][query] POST https://cloudresourcemanager.googleapis.com/v1/projects/reactlearningapp-5cf88:testIamPermissions [none]
[debug] [2025-04-16T12:59:07.442Z] >>> [apiv2][(partial)header] POST https://cloudresourcemanager.googleapis.com/v1/projects/reactlearningapp-5cf88:testIamPermissions x-goog-quota-user=projects/reactlearningapp-5cf88
[debug] [2025-04-16T12:59:07.442Z] >>> [apiv2][body] POST https://cloudresourcemanager.googleapis.com/v1/projects/reactlearningapp-5cf88:testIamPermissions {"permissions":["firebase.projects.get"]}
[debug] [2025-04-16T12:59:08.489Z] <<< [apiv2][status] POST https://cloudresourcemanager.googleapis.com/v1/projects/reactlearningapp-5cf88:testIamPermissions 200
[debug] [2025-04-16T12:59:08.489Z] <<< [apiv2][body] POST https://cloudresourcemanager.googleapis.com/v1/projects/reactlearningapp-5cf88:testIamPermissions {"permissions":["firebase.projects.get"]}
[info] 
[info] Firestore Security Rules allow you to define how and when to allow
[info] requests. You can keep these rules in your project directory
[info] and publish them with firebase deploy.
[info] 
[debug] [2025-04-16T12:59:08.496Z] Checked if tokens are valid: true, expires at: 1744811855752
[debug] [2025-04-16T12:59:08.496Z] Checked if tokens are valid: true, expires at: 1744811855752
[debug] [2025-04-16T12:59:08.496Z] >>> [apiv2][query] GET https://firebaserules.googleapis.com/v1/projects/reactlearningapp-5cf88/releases pageSize=10&pageToken=
[debug] [2025-04-16T12:59:09.054Z] <<< [apiv2][status] GET https://firebaserules.googleapis.com/v1/projects/reactlearningapp-5cf88/releases 200
[debug] [2025-04-16T12:59:09.054Z] <<< [apiv2][body] GET https://firebaserules.googleapis.com/v1/projects/reactlearningapp-5cf88/releases {"releases":[{"name":"projects/reactlearningapp-5cf88/releases/cloud.firestore","rulesetName":"projects/reactlearningapp-5cf88/rulesets/6476ea87-6530-4159-80fe-6900cfe0818a","createTime":"2025-04-16T12:30:29.129294Z","updateTime":"2025-04-16T12:30:29.129294Z"}]}
[debug] [2025-04-16T12:59:09.054Z] Found ruleset: projects/reactlearningapp-5cf88/rulesets/6476ea87-6530-4159-80fe-6900cfe0818a
[debug] [2025-04-16T12:59:09.055Z] Checked if tokens are valid: true, expires at: 1744811855752
[debug] [2025-04-16T12:59:09.055Z] Checked if tokens are valid: true, expires at: 1744811855752
[debug] [2025-04-16T12:59:09.055Z] >>> [apiv2][query] GET https://firebaserules.googleapis.com/v1/projects/reactlearningapp-5cf88/rulesets/6476ea87-6530-4159-80fe-6900cfe0818a [none]
[debug] [2025-04-16T12:59:09.442Z] <<< [apiv2][status] GET https://firebaserules.googleapis.com/v1/projects/reactlearningapp-5cf88/rulesets/6476ea87-6530-4159-80fe-6900cfe0818a 200
[debug] [2025-04-16T12:59:09.442Z] <<< [apiv2][body] GET https://firebaserules.googleapis.com/v1/projects/reactlearningapp-5cf88/rulesets/6476ea87-6530-4159-80fe-6900cfe0818a [omitted]
[info] 
[info] Firestore indexes allow you to perform complex queries while
[info] maintaining performance that scales with the size of the result
[info] set. You can keep index definitions in your project directory
[info] and publish them with firebase deploy.
[info] 
[debug] [2025-04-16T12:59:11.612Z] Checked if tokens are valid: true, expires at: 1744811855752
[debug] [2025-04-16T12:59:11.612Z] Checked if tokens are valid: true, expires at: 1744811855752
[debug] [2025-04-16T12:59:11.612Z] Checked if tokens are valid: true, expires at: 1744811855752
[debug] [2025-04-16T12:59:11.612Z] Checked if tokens are valid: true, expires at: 1744811855752
[debug] [2025-04-16T12:59:11.612Z] >>> [apiv2][query] GET https://firestore.googleapis.com/v1/projects/reactlearningapp-5cf88/databases/(default)/collectionGroups/-/indexes [none]
[debug] [2025-04-16T12:59:11.612Z] >>> [apiv2][query] GET https://firestore.googleapis.com/v1/projects/reactlearningapp-5cf88/databases/(default)/collectionGroups/-/fields?filter=indexConfig.usesAncestorConfig=false OR ttlConfig:* [none]
[debug] [2025-04-16T12:59:11.911Z] <<< [apiv2][status] GET https://firestore.googleapis.com/v1/projects/reactlearningapp-5cf88/databases/(default)/collectionGroups/-/indexes 200
[debug] [2025-04-16T12:59:11.911Z] <<< [apiv2][body] GET https://firestore.googleapis.com/v1/projects/reactlearningapp-5cf88/databases/(default)/collectionGroups/-/indexes {}
[debug] [2025-04-16T12:59:12.792Z] <<< [apiv2][status] GET https://firestore.googleapis.com/v1/projects/reactlearningapp-5cf88/databases/(default)/collectionGroups/-/fields?filter=indexConfig.usesAncestorConfig=false OR ttlConfig:* 200
[debug] [2025-04-16T12:59:12.792Z] <<< [apiv2][body] GET https://firestore.googleapis.com/v1/projects/reactlearningapp-5cf88/databases/(default)/collectionGroups/-/fields?filter=indexConfig.usesAncestorConfig=false OR ttlConfig:* {"fields":[{"name":"projects/reactlearningapp-5cf88/databases/(default)/collectionGroups/__default__/fields/*","indexConfig":{"indexes":[{"queryScope":"COLLECTION","fields":[{"fieldPath":"*","order":"ASCENDING"}],"state":"READY"},{"queryScope":"COLLECTION","fields":[{"fieldPath":"*","order":"DESCENDING"}],"state":"READY"},{"queryScope":"COLLECTION","fields":[{"fieldPath":"*","arrayConfig":"CONTAINS"}],"state":"READY"}]}}]}
[info] 
=== Genkit Setup
[debug] [2025-04-16T12:59:14.669Z] > command requires scopes: ["email","openid","https://www.googleapis.com/auth/cloudplatformprojects.readonly","https://www.googleapis.com/auth/firebase","https://www.googleapis.com/auth/cloud-platform"]
[debug] [2025-04-16T12:59:14.669Z] > authorizing via signed-in user (mahirtunahankuzuluhotmail.com@gmail.com)
[debug] [2025-04-16T12:59:14.669Z] [iam] checking project reactlearningapp-5cf88 for permissions ["firebase.projects.get"]
[debug] [2025-04-16T12:59:14.669Z] Checked if tokens are valid: true, expires at: 1744811855752
[debug] [2025-04-16T12:59:14.670Z] Checked if tokens are valid: true, expires at: 1744811855752
[debug] [2025-04-16T12:59:14.670Z] >>> [apiv2][query] POST https://cloudresourcemanager.googleapis.com/v1/projects/reactlearningapp-5cf88:testIamPermissions [none]
[debug] [2025-04-16T12:59:14.670Z] >>> [apiv2][(partial)header] POST https://cloudresourcemanager.googleapis.com/v1/projects/reactlearningapp-5cf88:testIamPermissions x-goog-quota-user=projects/reactlearningapp-5cf88
[debug] [2025-04-16T12:59:14.670Z] >>> [apiv2][body] POST https://cloudresourcemanager.googleapis.com/v1/projects/reactlearningapp-5cf88:testIamPermissions {"permissions":["firebase.projects.get"]}
[debug] [2025-04-16T12:59:15.726Z] <<< [apiv2][status] POST https://cloudresourcemanager.googleapis.com/v1/projects/reactlearningapp-5cf88:testIamPermissions 200
[debug] [2025-04-16T12:59:15.726Z] <<< [apiv2][body] POST https://cloudresourcemanager.googleapis.com/v1/projects/reactlearningapp-5cf88:testIamPermissions {"permissions":["firebase.projects.get"]}
[debug] [2025-04-16T12:59:15.727Z] Checked if tokens are valid: true, expires at: 1744811855752
[debug] [2025-04-16T12:59:15.727Z] Checked if tokens are valid: true, expires at: 1744811855752
[debug] [2025-04-16T12:59:15.727Z] Checked if tokens are valid: true, expires at: 1744811855752
[debug] [2025-04-16T12:59:15.727Z] Checked if tokens are valid: true, expires at: 1744811855752
[debug] [2025-04-16T12:59:15.727Z] >>> [apiv2][query] GET https://serviceusage.googleapis.com/v1/projects/reactlearningapp-5cf88/services/cloudfunctions.googleapis.com [none]
[debug] [2025-04-16T12:59:15.727Z] >>> [apiv2][(partial)header] GET https://serviceusage.googleapis.com/v1/projects/reactlearningapp-5cf88/services/cloudfunctions.googleapis.com x-goog-quota-user=projects/reactlearningapp-5cf88
[debug] [2025-04-16T12:59:15.728Z] >>> [apiv2][query] GET https://serviceusage.googleapis.com/v1/projects/reactlearningapp-5cf88/services/runtimeconfig.googleapis.com [none]
[debug] [2025-04-16T12:59:15.728Z] >>> [apiv2][(partial)header] GET https://serviceusage.googleapis.com/v1/projects/reactlearningapp-5cf88/services/runtimeconfig.googleapis.com x-goog-quota-user=projects/reactlearningapp-5cf88
[debug] [2025-04-16T12:59:16.881Z] <<< [apiv2][status] GET https://serviceusage.googleapis.com/v1/projects/reactlearningapp-5cf88/services/runtimeconfig.googleapis.com 200
[debug] [2025-04-16T12:59:16.882Z] <<< [apiv2][body] GET https://serviceusage.googleapis.com/v1/projects/reactlearningapp-5cf88/services/runtimeconfig.googleapis.com [omitted]
[debug] [2025-04-16T12:59:16.894Z] <<< [apiv2][status] GET https://serviceusage.googleapis.com/v1/projects/reactlearningapp-5cf88/services/cloudfunctions.googleapis.com 200
[debug] [2025-04-16T12:59:16.894Z] <<< [apiv2][body] GET https://serviceusage.googleapis.com/v1/projects/reactlearningapp-5cf88/services/cloudfunctions.googleapis.com [omitted]
[debug] [2025-04-16T12:59:16.894Z] Checked if tokens are valid: true, expires at: 1744811855752
[debug] [2025-04-16T12:59:16.894Z] Checked if tokens are valid: true, expires at: 1744811855752
[debug] [2025-04-16T12:59:16.894Z] >>> [apiv2][query] POST https://serviceusage.googleapis.com/v1/projects/reactlearningapp-5cf88/services/cloudfunctions.googleapis.com:enable [none]
[debug] [2025-04-16T12:59:16.894Z] >>> [apiv2][(partial)header] POST https://serviceusage.googleapis.com/v1/projects/reactlearningapp-5cf88/services/cloudfunctions.googleapis.com:enable x-goog-quota-user=projects/reactlearningapp-5cf88
[debug] [2025-04-16T12:59:18.232Z] <<< [apiv2][status] POST https://serviceusage.googleapis.com/v1/projects/reactlearningapp-5cf88/services/cloudfunctions.googleapis.com:enable 200
[debug] [2025-04-16T12:59:18.232Z] <<< [apiv2][body] POST https://serviceusage.googleapis.com/v1/projects/reactlearningapp-5cf88/services/cloudfunctions.googleapis.com:enable [omitted]
[debug] [2025-04-16T12:59:28.240Z] Checked if tokens are valid: true, expires at: 1744811855752
[debug] [2025-04-16T12:59:28.240Z] Checked if tokens are valid: true, expires at: 1744811855752
[debug] [2025-04-16T12:59:28.240Z] >>> [apiv2][query] GET https://serviceusage.googleapis.com/v1/projects/reactlearningapp-5cf88/services/cloudfunctions.googleapis.com [none]
[debug] [2025-04-16T12:59:28.240Z] >>> [apiv2][(partial)header] GET https://serviceusage.googleapis.com/v1/projects/reactlearningapp-5cf88/services/cloudfunctions.googleapis.com x-goog-quota-user=projects/reactlearningapp-5cf88
[debug] [2025-04-16T12:59:29.404Z] <<< [apiv2][status] GET https://serviceusage.googleapis.com/v1/projects/reactlearningapp-5cf88/services/cloudfunctions.googleapis.com 200
[debug] [2025-04-16T12:59:29.405Z] <<< [apiv2][body] GET https://serviceusage.googleapis.com/v1/projects/reactlearningapp-5cf88/services/cloudfunctions.googleapis.com [omitted]
[info] Let's create a new codebase for your functions.
[info] A directory corresponding to the codebase will be created in your project
[info] with sample code pre-configured.

[info] See https://firebase.google.com/docs/functions/organize-functions for
[info] more information on organizing your functions using codebases.

[info] Functions can be deployed with firebase deploy.

[info] +  Wrote functions/package.json 
[info] +  Wrote functions/.eslintrc.js 
[info] +  Wrote functions/tsconfig.json 
[info] +  Wrote functions/tsconfig.dev.json 
[info] +  Wrote functions/src/index.ts 
[info] +  Wrote functions/.gitignore 
[info] 
[info] i  genkit: Installing Genkit CLI version 1.6.0
 
[info] i  genkit: Installing NPM packages for genkit 
[info] +  genkit: Successfully installed NPM packages 
[info] i  genkit: Updating tsconfig.json 
[info] +  genkit: Successfully updated tsconfig.json 
[info] i  genkit: Updating package.json 
[info] +  genkit: Successfully updated package.json 
[info] i  genkit: Generating sample file 
[info] +  genkit: Successfully generated sample file (src/genkit-sample.ts) 
[info] 
Login to Google Cloud using:
[info]     gcloud auth application-default login --project undefined

[info] Then start the Genkit developer experience by running:
[info]     cd functions && npm run genkit:start
[info] 
=== Functions Setup
[debug] [2025-04-16T13:30:44.288Z] > command requires scopes: ["email","openid","https://www.googleapis.com/auth/cloudplatformprojects.readonly","https://www.googleapis.com/auth/firebase","https://www.googleapis.com/auth/cloud-platform"]
[debug] [2025-04-16T13:30:44.288Z] > authorizing via signed-in user (mahirtunahankuzuluhotmail.com@gmail.com)
[debug] [2025-04-16T13:30:44.288Z] [iam] checking project reactlearningapp-5cf88 for permissions ["firebase.projects.get"]
[debug] [2025-04-16T13:30:44.288Z] Checked if tokens are valid: true, expires at: 1744811855752
[debug] [2025-04-16T13:30:44.288Z] Checked if tokens are valid: true, expires at: 1744811855752
[debug] [2025-04-16T13:30:44.288Z] >>> [apiv2][query] POST https://cloudresourcemanager.googleapis.com/v1/projects/reactlearningapp-5cf88:testIamPermissions [none]
[debug] [2025-04-16T13:30:44.288Z] >>> [apiv2][(partial)header] POST https://cloudresourcemanager.googleapis.com/v1/projects/reactlearningapp-5cf88:testIamPermissions x-goog-quota-user=projects/reactlearningapp-5cf88
[debug] [2025-04-16T13:30:44.288Z] >>> [apiv2][body] POST https://cloudresourcemanager.googleapis.com/v1/projects/reactlearningapp-5cf88:testIamPermissions {"permissions":["firebase.projects.get"]}
[debug] [2025-04-16T13:30:45.503Z] <<< [apiv2][status] POST https://cloudresourcemanager.googleapis.com/v1/projects/reactlearningapp-5cf88:testIamPermissions 200
[debug] [2025-04-16T13:30:45.503Z] <<< [apiv2][body] POST https://cloudresourcemanager.googleapis.com/v1/projects/reactlearningapp-5cf88:testIamPermissions {"permissions":["firebase.projects.get"]}
[debug] [2025-04-16T13:30:45.503Z] Checked if tokens are valid: true, expires at: 1744811855752
[debug] [2025-04-16T13:30:45.504Z] Checked if tokens are valid: true, expires at: 1744811855752
[debug] [2025-04-16T13:30:45.504Z] Checked if tokens are valid: true, expires at: 1744811855752
[debug] [2025-04-16T13:30:45.504Z] Checked if tokens are valid: true, expires at: 1744811855752
[debug] [2025-04-16T13:30:45.504Z] >>> [apiv2][query] GET https://serviceusage.googleapis.com/v1/projects/reactlearningapp-5cf88/services/cloudfunctions.googleapis.com [none]
[debug] [2025-04-16T13:30:45.504Z] >>> [apiv2][(partial)header] GET https://serviceusage.googleapis.com/v1/projects/reactlearningapp-5cf88/services/cloudfunctions.googleapis.com x-goog-quota-user=projects/reactlearningapp-5cf88
[debug] [2025-04-16T13:30:45.506Z] >>> [apiv2][query] GET https://serviceusage.googleapis.com/v1/projects/reactlearningapp-5cf88/services/runtimeconfig.googleapis.com [none]
[debug] [2025-04-16T13:30:45.506Z] >>> [apiv2][(partial)header] GET https://serviceusage.googleapis.com/v1/projects/reactlearningapp-5cf88/services/runtimeconfig.googleapis.com x-goog-quota-user=projects/reactlearningapp-5cf88
[debug] [2025-04-16T13:30:46.830Z] <<< [apiv2][status] GET https://serviceusage.googleapis.com/v1/projects/reactlearningapp-5cf88/services/cloudfunctions.googleapis.com 200
[debug] [2025-04-16T13:30:46.830Z] <<< [apiv2][body] GET https://serviceusage.googleapis.com/v1/projects/reactlearningapp-5cf88/services/cloudfunctions.googleapis.com [omitted]
[debug] [2025-04-16T13:30:46.831Z] <<< [apiv2][status] GET https://serviceusage.googleapis.com/v1/projects/reactlearningapp-5cf88/services/runtimeconfig.googleapis.com 200
[debug] [2025-04-16T13:30:46.831Z] <<< [apiv2][body] GET https://serviceusage.googleapis.com/v1/projects/reactlearningapp-5cf88/services/runtimeconfig.googleapis.com [omitted]
[info] 
Detected existing codebase(s): default

[info] Let's create a new codebase for your functions.
[info] A directory corresponding to the codebase will be created in your project
[info] with sample code pre-configured.

[info] See https://firebase.google.com/docs/functions/organize-functions for
[info] more information on organizing your functions using codebases.

[info] Functions can be deployed with firebase deploy.

[error] Invalid codebase name. Codebase must be less than 64 characters and can contain only lowercase letters, numeric characters, underscores, and dashes.
[error] Invalid codebase name. Codebase must be less than 64 characters and can contain only lowercase letters, numeric characters, underscores, and dashes.
[error] Invalid codebase name. Codebase must be less than 64 characters and can contain only lowercase letters, numeric characters, underscores, and dashes.
[error] Invalid codebase name. Codebase must be less than 64 characters and can contain only lowercase letters, numeric characters, underscores, and dashes.
